2023-11-21T06:15:16+00:00 CRITICAL Uncaught Error: Call to undefined method WC_Product_Variable::wc_cart_totals_order_total_html() in C:\xampp\htdocs\wordpress\wp-content\themes\tuyenminh\woocommerce\single-product\add-to-cart\variation-add-to-cart-button.php:60
Stack trace:
#0 C:\xampp\htdocs\wordpress\wp-content\plugins\woocommerce\includes\wc-core-functions.php(345): include()
#1 C:\xampp\htdocs\wordpress\wp-content\plugins\woocommerce\includes\wc-template-functions.php(3111): wc_get_template('single-product/...')
#2 C:\xampp\htdocs\wordpress\wp-includes\class-wp-hook.php(324): woocommerce_single_variation_add_to_cart_button('')
#3 C:\xampp\htdocs\wordpress\wp-includes\class-wp-hook.php(348): WP_Hook->apply_filters(NULL, Array)
#4 C:\xampp\htdocs\wordpress\wp-includes\plugin.php(517): WP_Hook->do_action(Array)
#5 C:\xampp\htdocs\wordpress\wp-content\themes\tuyenminh\woocommerce\single-product\add-to-cart\variable.php(71): do_action('woocommerce_sin...')
#6 C:\xampp\htdocs\wordpress\wp-content\plugins\woocommerce\includes\wc-core-functions.php(345): include('C:\\xampp\\htdocs...')
#7 C:\xampp\htdocs\wordpress\wp-content\plugins\woocommerce\includes\wc-template-functions.php(1756): wc_get_template('single-product/...', Array)
#8 C:\xampp\htdocs\wordpress\wp-includes\class-wp-hook.php(324): woocommerce_variable_add_to_cart('')
#9 C:\xampp\htdocs\wordpress\wp-includes\class-wp-hook.php(348): WP_Hook->apply_filters('', Array)
#10 C:\xampp\htdocs\wordpress\wp-includes\plugin.php(517): WP_Hook->do_action(Array)
#11 C:\xampp\htdocs\wordpress\wp-content\plugins\woocommerce\includes\wc-template-functions.php(1702): do_action('woocommerce_var...')
#12 C:\xampp\htdocs\wordpress\wp-includes\class-wp-hook.php(324): woocommerce_template_single_add_to_cart('')
#13 C:\xampp\htdocs\wordpress\wp-includes\class-wp-hook.php(348): WP_Hook->apply_filters(NULL, Array)
#14 C:\xampp\htdocs\wordpress\wp-includes\plugin.php(517): WP_Hook->do_action(Array)
#15 C:\xampp\htdocs\wordpress\wp-content\themes\tuyenminh\woocommerce\content-single-product.php(59): do_action('woocommerce_sin...')
#16 C:\xampp\htdocs\wordpress\wp-includes\template.php(792): require('C:\\xampp\\htdocs...')
#17 C:\xampp\htdocs\wordpress\wp-content\plugins\woocommerce\includes\wc-core-functions.php(284): load_template('C:\\xampp\\htdocs...', false)
#18 C:\xampp\htdocs\wordpress\wp-content\themes\tuyenminh\woocommerce\single-product.php(37): wc_get_template_part('content', 'single-product')
#19 C:\xampp\htdocs\wordpress\wp-includes\template-loader.php(106): include('C:\\xampp\\htdocs...')
#20 C:\xampp\htdocs\wordpress\wp-blog-header.php(19): require_once('C:\\xampp\\htdocs...')
#21 C:\xampp\htdocs\wordpress\index.php(17): require('C:\\xampp\\htdocs...')
#22 {main}
  thrown in C:\xampp\htdocs\wordpress\wp-content\themes\tuyenminh\woocommerce\single-product\add-to-cart\variation-add-to-cart-button.php on line 60

2023-11-21T06:15:33+00:00 CRITICAL Uncaught Error: Call to undefined method WC_Product_Variable::wc_cart_totals_order() in C:\xampp\htdocs\wordpress\wp-content\themes\tuyenminh\woocommerce\single-product\add-to-cart\variation-add-to-cart-button.php:60
Stack trace:
#0 C:\xampp\htdocs\wordpress\wp-content\plugins\woocommerce\includes\wc-core-functions.php(345): include()
#1 C:\xampp\htdocs\wordpress\wp-content\plugins\woocommerce\includes\wc-template-functions.php(3111): wc_get_template('single-product/...')
#2 C:\xampp\htdocs\wordpress\wp-includes\class-wp-hook.php(324): woocommerce_single_variation_add_to_cart_button('')
#3 C:\xampp\htdocs\wordpress\wp-includes\class-wp-hook.php(348): WP_Hook->apply_filters(NULL, Array)
#4 C:\xampp\htdocs\wordpress\wp-includes\plugin.php(517): WP_Hook->do_action(Array)
#5 C:\xampp\htdocs\wordpress\wp-content\themes\tuyenminh\woocommerce\single-product\add-to-cart\variable.php(71): do_action('woocommerce_sin...')
#6 C:\xampp\htdocs\wordpress\wp-content\plugins\woocommerce\includes\wc-core-functions.php(345): include('C:\\xampp\\htdocs...')
#7 C:\xampp\htdocs\wordpress\wp-content\plugins\woocommerce\includes\wc-template-functions.php(1756): wc_get_template('single-product/...', Array)
#8 C:\xampp\htdocs\wordpress\wp-includes\class-wp-hook.php(324): woocommerce_variable_add_to_cart('')
#9 C:\xampp\htdocs\wordpress\wp-includes\class-wp-hook.php(348): WP_Hook->apply_filters('', Array)
#10 C:\xampp\htdocs\wordpress\wp-includes\plugin.php(517): WP_Hook->do_action(Array)
#11 C:\xampp\htdocs\wordpress\wp-content\plugins\woocommerce\includes\wc-template-functions.php(1702): do_action('woocommerce_var...')
#12 C:\xampp\htdocs\wordpress\wp-includes\class-wp-hook.php(324): woocommerce_template_single_add_to_cart('')
#13 C:\xampp\htdocs\wordpress\wp-includes\class-wp-hook.php(348): WP_Hook->apply_filters(NULL, Array)
#14 C:\xampp\htdocs\wordpress\wp-includes\plugin.php(517): WP_Hook->do_action(Array)
#15 C:\xampp\htdocs\wordpress\wp-content\themes\tuyenminh\woocommerce\content-single-product.php(59): do_action('woocommerce_sin...')
#16 C:\xampp\htdocs\wordpress\wp-includes\template.php(792): require('C:\\xampp\\htdocs...')
#17 C:\xampp\htdocs\wordpress\wp-content\plugins\woocommerce\includes\wc-core-functions.php(284): load_template('C:\\xampp\\htdocs...', false)
#18 C:\xampp\htdocs\wordpress\wp-content\themes\tuyenminh\woocommerce\single-product.php(37): wc_get_template_part('content', 'single-product')
#19 C:\xampp\htdocs\wordpress\wp-includes\template-loader.php(106): include('C:\\xampp\\htdocs...')
#20 C:\xampp\htdocs\wordpress\wp-blog-header.php(19): require_once('C:\\xampp\\htdocs...')
#21 C:\xampp\htdocs\wordpress\index.php(17): require('C:\\xampp\\htdocs...')
#22 {main}
  thrown in C:\xampp\htdocs\wordpress\wp-content\themes\tuyenminh\woocommerce\single-product\add-to-cart\variation-add-to-cart-button.php on line 60

2023-11-21T06:15:46+00:00 CRITICAL Uncaught Error: Call to undefined method WC_Product_Variable::wc_cart_totals_order() in C:\xampp\htdocs\wordpress\wp-content\themes\tuyenminh\woocommerce\single-product\add-to-cart\variation-add-to-cart-button.php:60
Stack trace:
#0 C:\xampp\htdocs\wordpress\wp-content\plugins\woocommerce\includes\wc-core-functions.php(345): include()
#1 C:\xampp\htdocs\wordpress\wp-content\plugins\woocommerce\includes\wc-template-functions.php(3111): wc_get_template('single-product/...')
#2 C:\xampp\htdocs\wordpress\wp-includes\class-wp-hook.php(324): woocommerce_single_variation_add_to_cart_button('')
#3 C:\xampp\htdocs\wordpress\wp-includes\class-wp-hook.php(348): WP_Hook->apply_filters(NULL, Array)
#4 C:\xampp\htdocs\wordpress\wp-includes\plugin.php(517): WP_Hook->do_action(Array)
#5 C:\xampp\htdocs\wordpress\wp-content\themes\tuyenminh\woocommerce\single-product\add-to-cart\variable.php(71): do_action('woocommerce_sin...')
#6 C:\xampp\htdocs\wordpress\wp-content\plugins\woocommerce\includes\wc-core-functions.php(345): include('C:\\xampp\\htdocs...')
#7 C:\xampp\htdocs\wordpress\wp-content\plugins\woocommerce\includes\wc-template-functions.php(1756): wc_get_template('single-product/...', Array)
#8 C:\xampp\htdocs\wordpress\wp-includes\class-wp-hook.php(324): woocommerce_variable_add_to_cart('')
#9 C:\xampp\htdocs\wordpress\wp-includes\class-wp-hook.php(348): WP_Hook->apply_filters('', Array)
#10 C:\xampp\htdocs\wordpress\wp-includes\plugin.php(517): WP_Hook->do_action(Array)
#11 C:\xampp\htdocs\wordpress\wp-content\plugins\woocommerce\includes\wc-template-functions.php(1702): do_action('woocommerce_var...')
#12 C:\xampp\htdocs\wordpress\wp-includes\class-wp-hook.php(324): woocommerce_template_single_add_to_cart('')
#13 C:\xampp\htdocs\wordpress\wp-includes\class-wp-hook.php(348): WP_Hook->apply_filters(NULL, Array)
#14 C:\xampp\htdocs\wordpress\wp-includes\plugin.php(517): WP_Hook->do_action(Array)
#15 C:\xampp\htdocs\wordpress\wp-content\themes\tuyenminh\woocommerce\content-single-product.php(59): do_action('woocommerce_sin...')
#16 C:\xampp\htdocs\wordpress\wp-includes\template.php(792): require('C:\\xampp\\htdocs...')
#17 C:\xampp\htdocs\wordpress\wp-content\plugins\woocommerce\includes\wc-core-functions.php(284): load_template('C:\\xampp\\htdocs...', false)
#18 C:\xampp\htdocs\wordpress\wp-content\themes\tuyenminh\woocommerce\single-product.php(37): wc_get_template_part('content', 'single-product')
#19 C:\xampp\htdocs\wordpress\wp-includes\template-loader.php(106): include('C:\\xampp\\htdocs...')
#20 C:\xampp\htdocs\wordpress\wp-blog-header.php(19): require_once('C:\\xampp\\htdocs...')
#21 C:\xampp\htdocs\wordpress\index.php(17): require('C:\\xampp\\htdocs...')
#22 {main}
  thrown in C:\xampp\htdocs\wordpress\wp-content\themes\tuyenminh\woocommerce\single-product\add-to-cart\variation-add-to-cart-button.php on line 60

2023-11-21T06:15:51+00:00 CRITICAL Uncaught Error: Call to undefined method WC_Product_Variable::wc_cart_totals_order() in C:\xampp\htdocs\wordpress\wp-content\themes\tuyenminh\woocommerce\single-product\add-to-cart\variation-add-to-cart-button.php:60
Stack trace:
#0 C:\xampp\htdocs\wordpress\wp-content\plugins\woocommerce\includes\wc-core-functions.php(345): include()
#1 C:\xampp\htdocs\wordpress\wp-content\plugins\woocommerce\includes\wc-template-functions.php(3111): wc_get_template('single-product/...')
#2 C:\xampp\htdocs\wordpress\wp-includes\class-wp-hook.php(324): woocommerce_single_variation_add_to_cart_button('')
#3 C:\xampp\htdocs\wordpress\wp-includes\class-wp-hook.php(348): WP_Hook->apply_filters(NULL, Array)
#4 C:\xampp\htdocs\wordpress\wp-includes\plugin.php(517): WP_Hook->do_action(Array)
#5 C:\xampp\htdocs\wordpress\wp-content\themes\tuyenminh\woocommerce\single-product\add-to-cart\variable.php(71): do_action('woocommerce_sin...')
#6 C:\xampp\htdocs\wordpress\wp-content\plugins\woocommerce\includes\wc-core-functions.php(345): include('C:\\xampp\\htdocs...')
#7 C:\xampp\htdocs\wordpress\wp-content\plugins\woocommerce\includes\wc-template-functions.php(1756): wc_get_template('single-product/...', Array)
#8 C:\xampp\htdocs\wordpress\wp-includes\class-wp-hook.php(324): woocommerce_variable_add_to_cart('')
#9 C:\xampp\htdocs\wordpress\wp-includes\class-wp-hook.php(348): WP_Hook->apply_filters('', Array)
#10 C:\xampp\htdocs\wordpress\wp-includes\plugin.php(517): WP_Hook->do_action(Array)
#11 C:\xampp\htdocs\wordpress\wp-content\plugins\woocommerce\includes\wc-template-functions.php(1702): do_action('woocommerce_var...')
#12 C:\xampp\htdocs\wordpress\wp-includes\class-wp-hook.php(324): woocommerce_template_single_add_to_cart('')
#13 C:\xampp\htdocs\wordpress\wp-includes\class-wp-hook.php(348): WP_Hook->apply_filters(NULL, Array)
#14 C:\xampp\htdocs\wordpress\wp-includes\plugin.php(517): WP_Hook->do_action(Array)
#15 C:\xampp\htdocs\wordpress\wp-content\themes\tuyenminh\woocommerce\content-single-product.php(59): do_action('woocommerce_sin...')
#16 C:\xampp\htdocs\wordpress\wp-includes\template.php(792): require('C:\\xampp\\htdocs...')
#17 C:\xampp\htdocs\wordpress\wp-content\plugins\woocommerce\includes\wc-core-functions.php(284): load_template('C:\\xampp\\htdocs...', false)
#18 C:\xampp\htdocs\wordpress\wp-content\themes\tuyenminh\woocommerce\single-product.php(37): wc_get_template_part('content', 'single-product')
#19 C:\xampp\htdocs\wordpress\wp-includes\template-loader.php(106): include('C:\\xampp\\htdocs...')
#20 C:\xampp\htdocs\wordpress\wp-blog-header.php(19): require_once('C:\\xampp\\htdocs...')
#21 C:\xampp\htdocs\wordpress\index.php(17): require('C:\\xampp\\htdocs...')
#22 {main}
  thrown in C:\xampp\htdocs\wordpress\wp-content\themes\tuyenminh\woocommerce\single-product\add-to-cart\variation-add-to-cart-button.php on line 60

2023-11-21T06:19:37+00:00 CRITICAL Uncaught Error: Call to undefined method WC_Product_Variable::wc_cart_totals_order_total_html() in C:\xampp\htdocs\wordpress\wp-content\themes\tuyenminh\woocommerce\single-product\add-to-cart\variation-add-to-cart-button.php:60
Stack trace:
#0 C:\xampp\htdocs\wordpress\wp-content\plugins\woocommerce\includes\wc-core-functions.php(345): include()
#1 C:\xampp\htdocs\wordpress\wp-content\plugins\woocommerce\includes\wc-template-functions.php(3111): wc_get_template('single-product/...')
#2 C:\xampp\htdocs\wordpress\wp-includes\class-wp-hook.php(324): woocommerce_single_variation_add_to_cart_button('')
#3 C:\xampp\htdocs\wordpress\wp-includes\class-wp-hook.php(348): WP_Hook->apply_filters(NULL, Array)
#4 C:\xampp\htdocs\wordpress\wp-includes\plugin.php(517): WP_Hook->do_action(Array)
#5 C:\xampp\htdocs\wordpress\wp-content\themes\tuyenminh\woocommerce\single-product\add-to-cart\variable.php(71): do_action('woocommerce_sin...')
#6 C:\xampp\htdocs\wordpress\wp-content\plugins\woocommerce\includes\wc-core-functions.php(345): include('C:\\xampp\\htdocs...')
#7 C:\xampp\htdocs\wordpress\wp-content\plugins\woocommerce\includes\wc-template-functions.php(1756): wc_get_template('single-product/...', Array)
#8 C:\xampp\htdocs\wordpress\wp-includes\class-wp-hook.php(324): woocommerce_variable_add_to_cart('')
#9 C:\xampp\htdocs\wordpress\wp-includes\class-wp-hook.php(348): WP_Hook->apply_filters('', Array)
#10 C:\xampp\htdocs\wordpress\wp-includes\plugin.php(517): WP_Hook->do_action(Array)
#11 C:\xampp\htdocs\wordpress\wp-content\plugins\woocommerce\includes\wc-template-functions.php(1702): do_action('woocommerce_var...')
#12 C:\xampp\htdocs\wordpress\wp-includes\class-wp-hook.php(324): woocommerce_template_single_add_to_cart('')
#13 C:\xampp\htdocs\wordpress\wp-includes\class-wp-hook.php(348): WP_Hook->apply_filters(NULL, Array)
#14 C:\xampp\htdocs\wordpress\wp-includes\plugin.php(517): WP_Hook->do_action(Array)
#15 C:\xampp\htdocs\wordpress\wp-content\themes\tuyenminh\woocommerce\content-single-product.php(59): do_action('woocommerce_sin...')
#16 C:\xampp\htdocs\wordpress\wp-includes\template.php(792): require('C:\\xampp\\htdocs...')
#17 C:\xampp\htdocs\wordpress\wp-content\plugins\woocommerce\includes\wc-core-functions.php(284): load_template('C:\\xampp\\htdocs...', false)
#18 C:\xampp\htdocs\wordpress\wp-content\themes\tuyenminh\woocommerce\single-product.php(37): wc_get_template_part('content', 'single-product')
#19 C:\xampp\htdocs\wordpress\wp-includes\template-loader.php(106): include('C:\\xampp\\htdocs...')
#20 C:\xampp\htdocs\wordpress\wp-blog-header.php(19): require_once('C:\\xampp\\htdocs...')
#21 C:\xampp\htdocs\wordpress\index.php(17): require('C:\\xampp\\htdocs...')
#22 {main}
  thrown in C:\xampp\htdocs\wordpress\wp-content\themes\tuyenminh\woocommerce\single-product\add-to-cart\variation-add-to-cart-button.php on line 60

2023-11-21T06:20:02+00:00 CRITICAL Uncaught Error: Call to undefined method WC_Product_Variable::wc_cart_totals_fee_html() in C:\xampp\htdocs\wordpress\wp-content\themes\tuyenminh\woocommerce\single-product\add-to-cart\variation-add-to-cart-button.php:60
Stack trace:
#0 C:\xampp\htdocs\wordpress\wp-content\plugins\woocommerce\includes\wc-core-functions.php(345): include()
#1 C:\xampp\htdocs\wordpress\wp-content\plugins\woocommerce\includes\wc-template-functions.php(3111): wc_get_template('single-product/...')
#2 C:\xampp\htdocs\wordpress\wp-includes\class-wp-hook.php(324): woocommerce_single_variation_add_to_cart_button('')
#3 C:\xampp\htdocs\wordpress\wp-includes\class-wp-hook.php(348): WP_Hook->apply_filters(NULL, Array)
#4 C:\xampp\htdocs\wordpress\wp-includes\plugin.php(517): WP_Hook->do_action(Array)
#5 C:\xampp\htdocs\wordpress\wp-content\themes\tuyenminh\woocommerce\single-product\add-to-cart\variable.php(71): do_action('woocommerce_sin...')
#6 C:\xampp\htdocs\wordpress\wp-content\plugins\woocommerce\includes\wc-core-functions.php(345): include('C:\\xampp\\htdocs...')
#7 C:\xampp\htdocs\wordpress\wp-content\plugins\woocommerce\includes\wc-template-functions.php(1756): wc_get_template('single-product/...', Array)
#8 C:\xampp\htdocs\wordpress\wp-includes\class-wp-hook.php(324): woocommerce_variable_add_to_cart('')
#9 C:\xampp\htdocs\wordpress\wp-includes\class-wp-hook.php(348): WP_Hook->apply_filters('', Array)
#10 C:\xampp\htdocs\wordpress\wp-includes\plugin.php(517): WP_Hook->do_action(Array)
#11 C:\xampp\htdocs\wordpress\wp-content\plugins\woocommerce\includes\wc-template-functions.php(1702): do_action('woocommerce_var...')
#12 C:\xampp\htdocs\wordpress\wp-includes\class-wp-hook.php(324): woocommerce_template_single_add_to_cart('')
#13 C:\xampp\htdocs\wordpress\wp-includes\class-wp-hook.php(348): WP_Hook->apply_filters(NULL, Array)
#14 C:\xampp\htdocs\wordpress\wp-includes\plugin.php(517): WP_Hook->do_action(Array)
#15 C:\xampp\htdocs\wordpress\wp-content\themes\tuyenminh\woocommerce\content-single-product.php(59): do_action('woocommerce_sin...')
#16 C:\xampp\htdocs\wordpress\wp-includes\template.php(792): require('C:\\xampp\\htdocs...')
#17 C:\xampp\htdocs\wordpress\wp-content\plugins\woocommerce\includes\wc-core-functions.php(284): load_template('C:\\xampp\\htdocs...', false)
#18 C:\xampp\htdocs\wordpress\wp-content\themes\tuyenminh\woocommerce\single-product.php(37): wc_get_template_part('content', 'single-product')
#19 C:\xampp\htdocs\wordpress\wp-includes\template-loader.php(106): include('C:\\xampp\\htdocs...')
#20 C:\xampp\htdocs\wordpress\wp-blog-header.php(19): require_once('C:\\xampp\\htdocs...')
#21 C:\xampp\htdocs\wordpress\index.php(17): require('C:\\xampp\\htdocs...')
#22 {main}
  thrown in C:\xampp\htdocs\wordpress\wp-content\themes\tuyenminh\woocommerce\single-product\add-to-cart\variation-add-to-cart-button.php on line 60

2023-11-21T06:23:29+00:00 CRITICAL Uncaught Error: Call to undefined method WC_Product_Variable::woocommerce_checkout_place_order() in C:\xampp\htdocs\wordpress\wp-content\themes\tuyenminh\woocommerce\single-product\add-to-cart\variation-add-to-cart-button.php:60
Stack trace:
#0 C:\xampp\htdocs\wordpress\wp-content\plugins\woocommerce\includes\wc-core-functions.php(345): include()
#1 C:\xampp\htdocs\wordpress\wp-content\plugins\woocommerce\includes\wc-template-functions.php(3111): wc_get_template('single-product/...')
#2 C:\xampp\htdocs\wordpress\wp-includes\class-wp-hook.php(324): woocommerce_single_variation_add_to_cart_button('')
#3 C:\xampp\htdocs\wordpress\wp-includes\class-wp-hook.php(348): WP_Hook->apply_filters(NULL, Array)
#4 C:\xampp\htdocs\wordpress\wp-includes\plugin.php(517): WP_Hook->do_action(Array)
#5 C:\xampp\htdocs\wordpress\wp-content\themes\tuyenminh\woocommerce\single-product\add-to-cart\variable.php(71): do_action('woocommerce_sin...')
#6 C:\xampp\htdocs\wordpress\wp-content\plugins\woocommerce\includes\wc-core-functions.php(345): include('C:\\xampp\\htdocs...')
#7 C:\xampp\htdocs\wordpress\wp-content\plugins\woocommerce\includes\wc-template-functions.php(1756): wc_get_template('single-product/...', Array)
#8 C:\xampp\htdocs\wordpress\wp-includes\class-wp-hook.php(324): woocommerce_variable_add_to_cart('')
#9 C:\xampp\htdocs\wordpress\wp-includes\class-wp-hook.php(348): WP_Hook->apply_filters('', Array)
#10 C:\xampp\htdocs\wordpress\wp-includes\plugin.php(517): WP_Hook->do_action(Array)
#11 C:\xampp\htdocs\wordpress\wp-content\plugins\woocommerce\includes\wc-template-functions.php(1702): do_action('woocommerce_var...')
#12 C:\xampp\htdocs\wordpress\wp-includes\class-wp-hook.php(324): woocommerce_template_single_add_to_cart('')
#13 C:\xampp\htdocs\wordpress\wp-includes\class-wp-hook.php(348): WP_Hook->apply_filters(NULL, Array)
#14 C:\xampp\htdocs\wordpress\wp-includes\plugin.php(517): WP_Hook->do_action(Array)
#15 C:\xampp\htdocs\wordpress\wp-content\themes\tuyenminh\woocommerce\content-single-product.php(59): do_action('woocommerce_sin...')
#16 C:\xampp\htdocs\wordpress\wp-includes\template.php(792): require('C:\\xampp\\htdocs...')
#17 C:\xampp\htdocs\wordpress\wp-content\plugins\woocommerce\includes\wc-core-functions.php(284): load_template('C:\\xampp\\htdocs...', false)
#18 C:\xampp\htdocs\wordpress\wp-content\themes\tuyenminh\woocommerce\single-product.php(37): wc_get_template_part('content', 'single-product')
#19 C:\xampp\htdocs\wordpress\wp-includes\template-loader.php(106): include('C:\\xampp\\htdocs...')
#20 C:\xampp\htdocs\wordpress\wp-blog-header.php(19): require_once('C:\\xampp\\htdocs...')
#21 C:\xampp\htdocs\wordpress\index.php(17): require('C:\\xampp\\htdocs...')
#22 {main}
  thrown in C:\xampp\htdocs\wordpress\wp-content\themes\tuyenminh\woocommerce\single-product\add-to-cart\variation-add-to-cart-button.php on line 60

