2023-11-02T01:17:21+00:00 CRITICAL Uncaught TypeError: call_user_func_array(): Argument #1 ($callback) must be a valid callback, function "return_empty_array" not found or invalid function name in C:\xampp\htdocs\wordpress\wp-includes\class-wp-hook.php:310
Stack trace:
#0 C:\xampp\htdocs\wordpress\wp-includes\plugin.php(205): WP_Hook->apply_filters(Array, Array)
#1 C:\xampp\htdocs\wordpress\wp-content\plugins\woocommerce\includes\class-wc-frontend-scripts.php(71): apply_filters('woocommerce_enq...', Array)
#2 C:\xampp\htdocs\wordpress\wp-content\plugins\woocommerce\includes\class-wc-frontend-scripts.php(435): WC_Frontend_Scripts::get_styles()
#3 C:\xampp\htdocs\wordpress\wp-includes\class-wp-hook.php(310): WC_Frontend_Scripts::load_scripts('')
#4 C:\xampp\htdocs\wordpress\wp-includes\class-wp-hook.php(334): WP_Hook->apply_filters(NULL, Array)
#5 C:\xampp\htdocs\wordpress\wp-includes\plugin.php(517): WP_Hook->do_action(Array)
#6 C:\xampp\htdocs\wordpress\wp-includes\script-loader.php(2225): do_action('wp_enqueue_scri...')
#7 C:\xampp\htdocs\wordpress\wp-includes\class-wp-hook.php(310): wp_enqueue_scripts('')
#8 C:\xampp\htdocs\wordpress\wp-includes\class-wp-hook.php(334): WP_Hook->apply_filters(NULL, Array)
#9 C:\xampp\htdocs\wordpress\wp-includes\plugin.php(517): WP_Hook->do_action(Array)
#10 C:\xampp\htdocs\wordpress\wp-includes\general-template.php(3053): do_action('wp_head')
#11 C:\xampp\htdocs\wordpress\wp-content\themes\tuyenminh\header.php(22): wp_head()
#12 C:\xampp\htdocs\wordpress\wp-includes\template.php(785): require_once('C:\\xampp\\htdocs...')
#13 C:\xampp\htdocs\wordpress\wp-includes\template.php(720): load_template('C:\\xampp\\htdocs...', true, Array)
#14 C:\xampp\htdocs\wordpress\wp-includes\general-template.php(48): locate_template(Array, true, true, Array)
#15 C:\xampp\htdocs\wordpress\wp-content\themes\tuyenminh\front-page.php(15): get_header()
#16 C:\xampp\htdocs\wordpress\wp-includes\template-loader.php(106): include('C:\\xampp\\htdocs...')
#17 C:\xampp\htdocs\wordpress\wp-blog-header.php(19): require_once('C:\\xampp\\htdocs...')
#18 C:\xampp\htdocs\wordpress\index.php(17): require('C:\\xampp\\htdocs...')
#19 {main}
  thrown in C:\xampp\htdocs\wordpress\wp-includes\class-wp-hook.php on line 310

