2023-11-20T05:49:15+00:00 CRITICAL Uncaught ArgumentCountError: Too few arguments to function esc_html(), 0 passed in C:\xampp\htdocs\wordpress\wp-content\themes\tuyenminh\woocommerce\single-product\add-to-cart\variation-add-to-cart-button.php on line 44 and exactly 1 expected in C:\xampp\htdocs\wordpress\wp-includes\formatting.php:4681
Stack trace:
#0 C:\xampp\htdocs\wordpress\wp-content\themes\tuyenminh\woocommerce\single-product\add-to-cart\variation-add-to-cart-button.php(44): esc_html()
#1 C:\xampp\htdocs\wordpress\wp-content\plugins\woocommerce\includes\wc-core-functions.php(345): include('C:\\xampp\\htdocs...')
#2 C:\xampp\htdocs\wordpress\wp-content\plugins\woocommerce\includes\wc-template-functions.php(3111): wc_get_template('single-product/...')
#3 C:\xampp\htdocs\wordpress\wp-includes\class-wp-hook.php(324): woocommerce_single_variation_add_to_cart_button('')
#4 C:\xampp\htdocs\wordpress\wp-includes\class-wp-hook.php(348): WP_Hook->apply_filters(NULL, Array)
#5 C:\xampp\htdocs\wordpress\wp-includes\plugin.php(517): WP_Hook->do_action(Array)
#6 C:\xampp\htdocs\wordpress\wp-content\themes\tuyenminh\woocommerce\single-product\add-to-cart\variable.php(71): do_action('woocommerce_sin...')
#7 C:\xampp\htdocs\wordpress\wp-content\plugins\woocommerce\includes\wc-core-functions.php(345): include('C:\\xampp\\htdocs...')
#8 C:\xampp\htdocs\wordpress\wp-content\plugins\woocommerce\includes\wc-template-functions.php(1756): wc_get_template('single-product/...', Array)
#9 C:\xampp\htdocs\wordpress\wp-includes\class-wp-hook.php(324): woocommerce_variable_add_to_cart('')
#10 C:\xampp\htdocs\wordpress\wp-includes\class-wp-hook.php(348): WP_Hook->apply_filters('', Array)
#11 C:\xampp\htdocs\wordpress\wp-includes\plugin.php(517): WP_Hook->do_action(Array)
#12 C:\xampp\htdocs\wordpress\wp-content\plugins\woocommerce\includes\wc-template-functions.php(1702): do_action('woocommerce_var...')
#13 C:\xampp\htdocs\wordpress\wp-includes\class-wp-hook.php(324): woocommerce_template_single_add_to_cart('')
#14 C:\xampp\htdocs\wordpress\wp-includes\class-wp-hook.php(348): WP_Hook->apply_filters(NULL, Array)
#15 C:\xampp\htdocs\wordpress\wp-includes\plugin.php(517): WP_Hook->do_action(Array)
#16 C:\xampp\htdocs\wordpress\wp-content\themes\tuyenminh\woocommerce\content-single-product.php(59): do_action('woocommerce_sin...')
#17 C:\xampp\htdocs\wordpress\wp-includes\template.php(792): require('C:\\xampp\\htdocs...')
#18 C:\xampp\htdocs\wordpress\wp-content\plugins\woocommerce\includes\wc-core-functions.php(284): load_template('C:\\xampp\\htdocs...', false)
#19 C:\xampp\htdocs\wordpress\wp-content\themes\tuyenminh\woocommerce\single-product.php(37): wc_get_template_part('content', 'single-product')
#20 C:\xampp\htdocs\wordpress\wp-includes\template-loader.php(106): include('C:\\xampp\\htdocs...')
#21 C:\xampp\htdocs\wordpress\wp-blog-header.php(19): require_once('C:\\xampp\\htdocs...')
#22 C:\xampp\htdocs\wordpress\index.php(17): require('C:\\xampp\\htdocs...')
#23 {main}
  thrown in C:\xampp\htdocs\wordpress\wp-includes\formatting.php on line 4681

2023-11-20T06:29:43+00:00 CRITICAL Cannot declare class Custom_Widget3, because the name is already in use in C:\xampp\htdocs\wordpress\wp-content\plugins\wordpress-importer\wp-plugins.php on line 412

2023-11-20T06:30:03+00:00 CRITICAL Uncaught TypeError: call_user_func_array(): Argument #1 ($callback) must be a valid callback, function "register_custom_widget3+4" not found or invalid function name in C:\xampp\htdocs\wordpress\wp-includes\class-wp-hook.php:324
Stack trace:
#0 C:\xampp\htdocs\wordpress\wp-includes\class-wp-hook.php(348): WP_Hook->apply_filters(NULL, Array)
#1 C:\xampp\htdocs\wordpress\wp-includes\plugin.php(517): WP_Hook->do_action(Array)
#2 C:\xampp\htdocs\wordpress\wp-includes\widgets.php(1858): do_action('widgets_init')
#3 C:\xampp\htdocs\wordpress\wp-includes\class-wp-hook.php(324): wp_widgets_init('')
#4 C:\xampp\htdocs\wordpress\wp-includes\class-wp-hook.php(348): WP_Hook->apply_filters(NULL, Array)
#5 C:\xampp\htdocs\wordpress\wp-includes\plugin.php(517): WP_Hook->do_action(Array)
#6 C:\xampp\htdocs\wordpress\wp-settings.php(643): do_action('init')
#7 C:\xampp\htdocs\wordpress\wp-config.php(96): require_once('C:\\xampp\\htdocs...')
#8 C:\xampp\htdocs\wordpress\wp-load.php(50): require_once('C:\\xampp\\htdocs...')
#9 C:\xampp\htdocs\wordpress\wp-admin\admin.php(34): require_once('C:\\xampp\\htdocs...')
#10 C:\xampp\htdocs\wordpress\wp-admin\customize.php(13): require_once('C:\\xampp\\htdocs...')
#11 {main}
  thrown in C:\xampp\htdocs\wordpress\wp-includes\class-wp-hook.php on line 324

